# JRE version: OpenJDK Runtime Environment Temurin-17.0.9+9 (17.0.9+9) (build 17.0.9+9)
# Java VM: OpenJDK 64-Bit Server VM Temurin-17.0.9+9 (17.0.9+9, mixed mode, tiered, compressed oops, compressed class ptrs, parallel gc, windows-amd64)
GC Precious Log:
 CPUs: 8 total, 8 available
 Memory: 16291M
 Large Page Support: Disabled
 NUMA Support: Disabled
 Compressed Oops: Enabled (32-bit)
 Alignments: Space 512K, Generation 512K, Heap 2M
 Heap Min Capacity: 100M
 Heap Initial Capacity: 100M
 Heap Max Capacity: 1G
 Pre-touch: Disabled
 Parallel Workers: 8
Heap:
 PSYoungGen      total 24576K, used 20412K [0x00000000eab00000, 0x00000000ec700000, 0x0000000100000000)
  eden space 21504K, 92% used [0x00000000eab00000,0x00000000ebe6b270,0x00000000ec000000)
  from space 3072K, 17% used [0x00000000ec200000,0x00000000ec284030,0x00000000ec500000)
  to   space 1024K, 0% used [0x00000000ec600000,0x00000000ec600000,0x00000000ec700000)
 ParOldGen       total 68608K, used 22087K [0x00000000c0000000, 0x00000000c4300000, 0x00000000eab00000)
  object space 68608K, 32% used [0x00000000c0000000,0x00000000c1591f58,0x00000000c4300000)
 Metaspace       used 46505K, committed 47232K, reserved 1114112K
  class space    used 4687K, committed 4992K, reserved 1048576K
GC Heap History (20 events):
Event: 2.699 GC heap before
{Heap before GC invocations=8 (full 1):
 PSYoungGen      total 26112K, used 25704K [0x00000000eab00000, 0x00000000ec780000, 0x0000000100000000)
  eden space 24576K, 100% used [0x00000000eab00000,0x00000000ec300000,0x00000000ec300000)
  from space 1536K, 73% used [0x00000000ec600000,0x00000000ec71a390,0x00000000ec780000)
  to   space 1536K, 0% used [0x00000000ec480000,0x00000000ec480000,0x00000000ec600000)
 ParOldGen       total 68608K, used 6784K [0x00000000c0000000, 0x00000000c4300000, 0x00000000eab00000)
  object space 68608K, 9% used [0x00000000c0000000,0x00000000c06a03f8,0x00000000c4300000)
 Metaspace       used 31293K, committed 31936K, reserved 1114112K
  class space    used 3068K, committed 3328K, reserved 1048576K
}
Event: 2.701 GC heap after
{Heap after GC invocations=8 (full 1):
 PSYoungGen      total 25600K, used 1522K [0x00000000eab00000, 0x00000000ec980000, 0x0000000100000000)
  eden space 24064K, 0% used [0x00000000eab00000,0x00000000eab00000,0x00000000ec280000)
  from space 1536K, 99% used [0x00000000ec480000,0x00000000ec5fc8a0,0x00000000ec600000)
  to   space 3584K, 0% used [0x00000000ec600000,0x00000000ec600000,0x00000000ec980000)
 ParOldGen       total 68608K, used 8300K [0x00000000c0000000, 0x00000000c4300000, 0x00000000eab00000)
  object space 68608K, 12% used [0x00000000c0000000,0x00000000c081b0a8,0x00000000c4300000)
 Metaspace       used 31293K, committed 31936K, reserved 1114112K
  class space    used 3068K, committed 3328K, reserved 1048576K
}
Event: 2.933 GC heap before
{Heap before GC invocations=9 (full 1):
 PSYoungGen      total 25600K, used 25475K [0x00000000eab00000, 0x00000000ec980000, 0x0000000100000000)
  eden space 24064K, 99% used [0x00000000eab00000,0x00000000ec2644f8,0x00000000ec280000)
  from space 1536K, 99% used [0x00000000ec480000,0x00000000ec5fc8a0,0x00000000ec600000)
  to   space 3584K, 0% used [0x00000000ec600000,0x00000000ec600000,0x00000000ec980000)
 ParOldGen       total 68608K, used 8300K [0x00000000c0000000, 0x00000000c4300000, 0x00000000eab00000)
  object space 68608K, 12% used [0x00000000c0000000,0x00000000c081b0a8,0x00000000c4300000)
 Metaspace       used 35222K, committed 35840K, reserved 1114112K
  class space    used 3568K, committed 3840K, reserved 1048576K
}
Event: 2.934 GC heap after
{Heap after GC invocations=9 (full 1):
 PSYoungGen      total 27648K, used 3257K [0x00000000eab00000, 0x00000000ec980000, 0x0000000100000000)
  eden space 24064K, 0% used [0x00000000eab00000,0x00000000eab00000,0x00000000ec280000)
  from space 3584K, 90% used [0x00000000ec600000,0x00000000ec92e6e0,0x00000000ec980000)
  to   space 3584K, 0% used [0x00000000ec280000,0x00000000ec280000,0x00000000ec600000)
 ParOldGen       total 68608K, used 8308K [0x00000000c0000000, 0x00000000c4300000, 0x00000000eab00000)
  object space 68608K, 12% used [0x00000000c0000000,0x00000000c081d0a8,0x00000000c4300000)
 Metaspace       used 35222K, committed 35840K, reserved 1114112K
  class space    used 3568K, committed 3840K, reserved 1048576K
}
Event: 2.934 GC heap before
{Heap before GC invocations=10 (full 2):
 PSYoungGen      total 27648K, used 3257K [0x00000000eab00000, 0x00000000ec980000, 0x0000000100000000)
  eden space 24064K, 0% used [0x00000000eab00000,0x00000000eab00000,0x00000000ec280000)
  from space 3584K, 90% used [0x00000000ec600000,0x00000000ec92e6e0,0x00000000ec980000)
  to   space 3584K, 0% used [0x00000000ec280000,0x00000000ec280000,0x00000000ec600000)
 ParOldGen       total 68608K, used 8308K [0x00000000c0000000, 0x00000000c4300000, 0x00000000eab00000)
  object space 68608K, 12% used [0x00000000c0000000,0x00000000c081d0a8,0x00000000c4300000)
 Metaspace       used 35222K, committed 35840K, reserved 1114112K
  class space    used 3568K, committed 3840K, reserved 1048576K
}
Event: 2.950 GC heap after
{Heap after GC invocations=10 (full 2):
 PSYoungGen      total 27648K, used 0K [0x00000000eab00000, 0x00000000ec980000, 0x0000000100000000)
  eden space 24064K, 0% used [0x00000000eab00000,0x00000000eab00000,0x00000000ec280000)
  from space 3584K, 0% used [0x00000000ec600000,0x00000000ec600000,0x00000000ec980000)
  to   space 3584K, 0% used [0x00000000ec280000,0x00000000ec280000,0x00000000ec600000)
 ParOldGen       total 68608K, used 11226K [0x00000000c0000000, 0x00000000c4300000, 0x00000000eab00000)
  object space 68608K, 16% used [0x00000000c0000000,0x00000000c0af6bc0,0x00000000c4300000)
 Metaspace       used 35222K, committed 35840K, reserved 1114112K
  class space    used 3568K, committed 3840K, reserved 1048576K
}
Event: 3.348 GC heap before
{Heap before GC invocations=11 (full 2):
 PSYoungGen      total 27648K, used 24064K [0x00000000eab00000, 0x00000000ec980000, 0x0000000100000000)
  eden space 24064K, 100% used [0x00000000eab00000,0x00000000ec280000,0x00000000ec280000)
  from space 3584K, 0% used [0x00000000ec600000,0x00000000ec600000,0x00000000ec980000)
  to   space 3584K, 0% used [0x00000000ec280000,0x00000000ec280000,0x00000000ec600000)
 ParOldGen       total 68608K, used 11226K [0x00000000c0000000, 0x00000000c4300000, 0x00000000eab00000)
  object space 68608K, 16% used [0x00000000c0000000,0x00000000c0af6bc0,0x00000000c4300000)
 Metaspace       used 36154K, committed 36864K, reserved 1114112K
  class space    used 3676K, committed 3968K, reserved 1048576K
}
Event: 3.349 GC heap after
{Heap after GC invocations=11 (full 2):
 PSYoungGen      total 26624K, used 3068K [0x00000000eab00000, 0x00000000ec900000, 0x0000000100000000)
  eden space 23552K, 0% used [0x00000000eab00000,0x00000000eab00000,0x00000000ec200000)
  from space 3072K, 99% used [0x00000000ec280000,0x00000000ec57f038,0x00000000ec580000)
  to   space 3584K, 0% used [0x00000000ec580000,0x00000000ec580000,0x00000000ec900000)
 ParOldGen       total 68608K, used 11234K [0x00000000c0000000, 0x00000000c4300000, 0x00000000eab00000)
  object space 68608K, 16% used [0x00000000c0000000,0x00000000c0af8bc0,0x00000000c4300000)
 Metaspace       used 36154K, committed 36864K, reserved 1114112K
  class space    used 3676K, committed 3968K, reserved 1048576K
}
Event: 3.730 GC heap before
{Heap before GC invocations=12 (full 2):
 PSYoungGen      total 26624K, used 26595K [0x00000000eab00000, 0x00000000ec900000, 0x0000000100000000)
  eden space 23552K, 99% used [0x00000000eab00000,0x00000000ec1f9cb0,0x00000000ec200000)
  from space 3072K, 99% used [0x00000000ec280000,0x00000000ec57f038,0x00000000ec580000)
  to   space 3584K, 0% used [0x00000000ec580000,0x00000000ec580000,0x00000000ec900000)
 ParOldGen       total 68608K, used 11234K [0x00000000c0000000, 0x00000000c4300000, 0x00000000eab00000)
  object space 68608K, 16% used [0x00000000c0000000,0x00000000c0af8bc0,0x00000000c4300000)
 Metaspace       used 38352K, committed 38976K, reserved 1114112K
  class space    used 3934K, committed 4160K, reserved 1048576K
}
Event: 3.732 GC heap after
{Heap after GC invocations=12 (full 2):
 PSYoungGen      total 25088K, used 3553K [0x00000000eab00000, 0x00000000ecc80000, 0x0000000100000000)
  eden space 21504K, 0% used [0x00000000eab00000,0x00000000eab00000,0x00000000ec000000)
  from space 3584K, 99% used [0x00000000ec580000,0x00000000ec8f8460,0x00000000ec900000)
  to   space 5632K, 0% used [0x00000000ec000000,0x00000000ec000000,0x00000000ec580000)
 ParOldGen       total 68608K, used 12643K [0x00000000c0000000, 0x00000000c4300000, 0x00000000eab00000)
  object space 68608K, 18% used [0x00000000c0000000,0x00000000c0c58da0,0x00000000c4300000)
 Metaspace       used 38352K, committed 38976K, reserved 1114112K
  class space    used 3934K, committed 4160K, reserved 1048576K
}
Event: 4.092 GC heap before
{Heap before GC invocations=13 (full 2):
 PSYoungGen      total 25088K, used 25001K [0x00000000eab00000, 0x00000000ecc80000, 0x0000000100000000)
  eden space 21504K, 99% used [0x00000000eab00000,0x00000000ebff2130,0x00000000ec000000)
  from space 3584K, 99% used [0x00000000ec580000,0x00000000ec8f8460,0x00000000ec900000)
  to   space 5632K, 0% used [0x00000000ec000000,0x00000000ec000000,0x00000000ec580000)
 ParOldGen       total 68608K, used 12643K [0x00000000c0000000, 0x00000000c4300000, 0x00000000eab00000)
  object space 68608K, 18% used [0x00000000c0000000,0x00000000c0c58da0,0x00000000c4300000)
 Metaspace       used 39952K, committed 40704K, reserved 1114112K
  class space    used 4094K, committed 4416K, reserved 1048576K
}
Event: 4.094 GC heap after
{Heap after GC invocations=13 (full 2):
 PSYoungGen      total 22016K, used 384K [0x00000000eab00000, 0x00000000ec600000, 0x0000000100000000)
  eden space 21504K, 0% used [0x00000000eab00000,0x00000000eab00000,0x00000000ec000000)
  from space 512K, 75% used [0x00000000ec000000,0x00000000ec060000,0x00000000ec080000)
  to   space 2560K, 0% used [0x00000000ec380000,0x00000000ec380000,0x00000000ec600000)
 ParOldGen       total 68608K, used 16240K [0x00000000c0000000, 0x00000000c4300000, 0x00000000eab00000)
  object space 68608K, 23% used [0x00000000c0000000,0x00000000c0fdc268,0x00000000c4300000)
 Metaspace       used 39952K, committed 40704K, reserved 1114112K
  class space    used 4094K, committed 4416K, reserved 1048576K
}
Event: 4.505 GC heap before
{Heap before GC invocations=14 (full 2):
 PSYoungGen      total 22016K, used 21888K [0x00000000eab00000, 0x00000000ec600000, 0x0000000100000000)
  eden space 21504K, 100% used [0x00000000eab00000,0x00000000ec000000,0x00000000ec000000)
  from space 512K, 75% used [0x00000000ec000000,0x00000000ec060000,0x00000000ec080000)
  to   space 2560K, 0% used [0x00000000ec380000,0x00000000ec380000,0x00000000ec600000)
 ParOldGen       total 68608K, used 16240K [0x00000000c0000000, 0x00000000c4300000, 0x00000000eab00000)
  object space 68608K, 23% used [0x00000000c0000000,0x00000000c0fdc268,0x00000000c4300000)
 Metaspace       used 41800K, committed 42560K, reserved 1114112K
  class space    used 4243K, committed 4544K, reserved 1048576K
}
Event: 4.506 GC heap after
{Heap after GC invocations=14 (full 2):
 PSYoungGen      total 23040K, used 1312K [0x00000000eab00000, 0x00000000ec500000, 0x0000000100000000)
  eden space 21504K, 0% used [0x00000000eab00000,0x00000000eab00000,0x00000000ec000000)
  from space 1536K, 85% used [0x00000000ec380000,0x00000000ec4c8010,0x00000000ec500000)
  to   space 1536K, 0% used [0x00000000ec200000,0x00000000ec200000,0x00000000ec380000)
 ParOldGen       total 68608K, used 16504K [0x00000000c0000000, 0x00000000c4300000, 0x00000000eab00000)
  object space 68608K, 24% used [0x00000000c0000000,0x00000000c101e268,0x00000000c4300000)
 Metaspace       used 41800K, committed 42560K, reserved 1114112K
  class space    used 4243K, committed 4544K, reserved 1048576K
}
Event: 5.303 GC heap before
{Heap before GC invocations=15 (full 2):
 PSYoungGen      total 23040K, used 22816K [0x00000000eab00000, 0x00000000ec500000, 0x0000000100000000)
  eden space 21504K, 100% used [0x00000000eab00000,0x00000000ec000000,0x00000000ec000000)
  from space 1536K, 85% used [0x00000000ec380000,0x00000000ec4c8010,0x00000000ec500000)
  to   space 1536K, 0% used [0x00000000ec200000,0x00000000ec200000,0x00000000ec380000)
 ParOldGen       total 68608K, used 16504K [0x00000000c0000000, 0x00000000c4300000, 0x00000000eab00000)
  object space 68608K, 24% used [0x00000000c0000000,0x00000000c101e268,0x00000000c4300000)
 Metaspace       used 44195K, committed 44928K, reserved 1114112K
  class space    used 4478K, committed 4800K, reserved 1048576K
}
Event: 5.304 GC heap after
{Heap after GC invocations=15 (full 2):
 PSYoungGen      total 23040K, used 1513K [0x00000000eab00000, 0x00000000ecd00000, 0x0000000100000000)
  eden space 21504K, 0% used [0x00000000eab00000,0x00000000eab00000,0x00000000ec000000)
  from space 1536K, 98% used [0x00000000ec200000,0x00000000ec37a428,0x00000000ec380000)
  to   space 6656K, 0% used [0x00000000ec680000,0x00000000ec680000,0x00000000ecd00000)
 ParOldGen       total 68608K, used 20548K [0x00000000c0000000, 0x00000000c4300000, 0x00000000eab00000)
  object space 68608K, 29% used [0x00000000c0000000,0x00000000c1411160,0x00000000c4300000)
 Metaspace       used 44195K, committed 44928K, reserved 1114112K
  class space    used 4478K, committed 4800K, reserved 1048576K
}
Event: 5.376 GC heap before
{Heap before GC invocations=16 (full 2):
 PSYoungGen      total 23040K, used 23017K [0x00000000eab00000, 0x00000000ecd00000, 0x0000000100000000)
  eden space 21504K, 100% used [0x00000000eab00000,0x00000000ec000000,0x00000000ec000000)
  from space 1536K, 98% used [0x00000000ec200000,0x00000000ec37a428,0x00000000ec380000)
  to   space 6656K, 0% used [0x00000000ec680000,0x00000000ec680000,0x00000000ecd00000)
 ParOldGen       total 68608K, used 20548K [0x00000000c0000000, 0x00000000c4300000, 0x00000000eab00000)
  object space 68608K, 29% used [0x00000000c0000000,0x00000000c1411160,0x00000000c4300000)
 Metaspace       used 44234K, committed 44992K, reserved 1114112K
  class space    used 4478K, committed 4800K, reserved 1048576K
}
Event: 5.377 GC heap after
{Heap after GC invocations=16 (full 2):
 PSYoungGen      total 23040K, used 1083K [0x00000000eab00000, 0x00000000ec800000, 0x0000000100000000)
  eden space 21504K, 0% used [0x00000000eab00000,0x00000000eab00000,0x00000000ec000000)
  from space 1536K, 70% used [0x00000000ec680000,0x00000000ec78eff0,0x00000000ec800000)
  to   space 3072K, 0% used [0x00000000ec200000,0x00000000ec200000,0x00000000ec500000)
 ParOldGen       total 68608K, used 22055K [0x00000000c0000000, 0x00000000c4300000, 0x00000000eab00000)
  object space 68608K, 32% used [0x00000000c0000000,0x00000000c1589f58,0x00000000c4300000)
 Metaspace       used 44234K, committed 44992K, reserved 1114112K
  class space    used 4478K, committed 4800K, reserved 1048576K
}
Event: 5.562 GC heap before
{Heap before GC invocations=17 (full 2):
 PSYoungGen      total 23040K, used 22587K [0x00000000eab00000, 0x00000000ec800000, 0x0000000100000000)
  eden space 21504K, 99% used [0x00000000eab00000,0x00000000ebfffed8,0x00000000ec000000)
  from space 1536K, 70% used [0x00000000ec680000,0x00000000ec78eff0,0x00000000ec800000)
  to   space 3072K, 0% used [0x00000000ec200000,0x00000000ec200000,0x00000000ec500000)
 ParOldGen       total 68608K, used 22055K [0x00000000c0000000, 0x00000000c4300000, 0x00000000eab00000)
  object space 68608K, 32% used [0x00000000c0000000,0x00000000c1589f58,0x00000000c4300000)
 Metaspace       used 46038K, committed 46784K, reserved 1114112K
  class space    used 4641K, committed 4992K, reserved 1048576K
}
Event: 5.563 GC heap after
{Heap after GC invocations=17 (full 2):
 PSYoungGen      total 24576K, used 528K [0x00000000eab00000, 0x00000000ec700000, 0x0000000100000000)
  eden space 21504K, 0% used [0x00000000eab00000,0x00000000eab00000,0x00000000ec000000)
  from space 3072K, 17% used [0x00000000ec200000,0x00000000ec284030,0x00000000ec500000)
  to   space 1024K, 0% used [0x00000000ec600000,0x00000000ec600000,0x00000000ec700000)
 ParOldGen       total 68608K, used 22087K [0x00000000c0000000, 0x00000000c4300000, 0x00000000eab00000)
  object space 68608K, 32% used [0x00000000c0000000,0x00000000c1591f58,0x00000000c4300000)
 Metaspace       used 46038K, committed 46784K, reserved 1114112K
  class space    used 4641K, committed 4992K, reserved 1048576K
}

